{"name": "test_sale", "status": "failed", "statusDetails": {"message": "AssertionError: assert 'Sale' == 'ssSale'\n  - ssSale\n  ? --\n  + Sale", "trace": "driver = <selenium.webdriver.chrome.webdriver.WebDriver (session=\"87b6f187a3b9e78aaa11fbb3671474be\")>\n\n    def test_sale(driver):\n        driver.get('https://magento.softwaretestingboard.com/sale.html')\n        title = driver.find_element(By.TAG_NAME, 'h1')\n>       assert title.text == 'ssSale'\nE       AssertionError: assert 'Sale' == 'ssSale'\nE         - ssSale\nE         ? --\nE         + Sale\n\ntest_main.py:19: AssertionError"}, "start": 1727804826485, "stop": 1727804828380, "uuid": "48e7f115-2a78-4989-b6e5-76949329c015", "historyId": "633a0b7660dd5ade995705cbafc0b5c6", "testCaseId": "633a0b7660dd5ade995705cbafc0b5c6", "fullName": "test_main#test_sale", "labels": [{"name": "suite", "value": "test_main"}, {"name": "host", "value": "e3dc87acbd5b"}, {"name": "thread", "value": "1-MainThread"}, {"name": "framework", "value": "pytest"}, {"name": "language", "value": "cpython3"}, {"name": "package", "value": "test_main"}]}