{"name": "test_sale", "status": "failed", "statusDetails": {"message": "AssertionError: assert 'Sale' == 'ssSale'\n  - ssSale\n  ? --\n  + Sale", "trace": "driver = <selenium.webdriver.chrome.webdriver.WebDriver (session=\"d305ce8facfc20a3e8158bb872439846\")>\n\n    def test_sale(driver):\n        driver.get('https://magento.softwaretestingboard.com/sale.html')\n        title = driver.find_element(By.TAG_NAME, 'h1')\n>       assert title.text == 'ssSale'\nE       AssertionError: assert 'Sale' == 'ssSale'\nE         - ssSale\nE         ? --\nE         + Sale\n\ntest_main.py:19: AssertionError"}, "start": 1727811501541, "stop": 1727811503391, "uuid": "0cbec7b4-675f-44b6-8563-f1a2b776e947", "historyId": "633a0b7660dd5ade995705cbafc0b5c6", "testCaseId": "633a0b7660dd5ade995705cbafc0b5c6", "fullName": "test_main#test_sale", "labels": [{"name": "suite", "value": "test_main"}, {"name": "host", "value": "7e15597d1f2a"}, {"name": "thread", "value": "1-MainThread"}, {"name": "framework", "value": "pytest"}, {"name": "language", "value": "cpython3"}, {"name": "package", "value": "test_main"}]}