{"name": "test_sale", "status": "failed", "statusDetails": {"message": "AssertionError: assert 'Sale' == 'ssSale'\n  - ssSale\n  ? --\n  + Sale", "trace": "driver = <selenium.webdriver.chrome.webdriver.WebDriver (session=\"392a4bcc89921db313928f7ab9dd3591\")>\n\n    def test_sale(driver):\n        driver.get('https://magento.softwaretestingboard.com/sale.html')\n        title = driver.find_element(By.TAG_NAME, 'h1')\n>       assert title.text == 'ssSale'\nE       AssertionError: assert 'Sale' == 'ssSale'\nE         - ssSale\nE         ? --\nE         + Sale\n\ntest_main.py:19: AssertionError"}, "start": 1727810239962, "stop": 1727810241881, "uuid": "9425137f-0e16-424d-8061-5a646442a0d3", "historyId": "633a0b7660dd5ade995705cbafc0b5c6", "testCaseId": "633a0b7660dd5ade995705cbafc0b5c6", "fullName": "test_main#test_sale", "labels": [{"name": "suite", "value": "test_main"}, {"name": "host", "value": "a36f8502e8e4"}, {"name": "thread", "value": "1-MainThread"}, {"name": "framework", "value": "pytest"}, {"name": "language", "value": "cpython3"}, {"name": "package", "value": "test_main"}]}